<?xml version="1.0" encoding="UTF-8"?>
<testng-results skipped="0" failed="0" ignored="0" total="1" passed="1">
  <reporter-output>
  </reporter-output>
  <suite name="Suite" duration-ms="94" started-at="2018-01-22T03:39:06Z" finished-at="2018-01-22T03:39:06Z">
    <groups>
    </groups>
    <test name="Test" duration-ms="94" started-at="2018-01-22T03:39:06Z" finished-at="2018-01-22T03:39:06Z">
      <class name="com.feo.testcases.Login_Testcase">
        <test-method status="PASS" signature="verify_create_account_valid_inputs()[pri:0, instance:com.feo.testcases.Login_Testcase@4f933fd1]" name="verify_create_account_valid_inputs" duration-ms="47" started-at="2018-01-22T09:09:06Z" finished-at="2018-01-22T09:09:06Z">
          <reporter-output>
          </reporter-output>
        </test-method> <!-- verify_create_account_valid_inputs -->
      </class> <!-- com.feo.testcases.Login_Testcase -->
    </test> <!-- Test -->
  </suite> <!-- Suite -->
</testng-results>
